2025-05-22 07:14:12.957 [info] Extension host with pid 12972 started
2025-05-22 07:14:12.957 [error] Error: EEXIST: file already exists, open '/home/dataiku/workspace/user-versioned/settings/code-server/User/workspaceStorage/63344558/vscode.lock'
2025-05-22 07:14:12.964 [info] Lock '/home/dataiku/workspace/user-versioned/settings/code-server/User/workspaceStorage/63344558/vscode.lock': Could not acquire lock, checking if the file is stale.
2025-05-22 07:14:12.976 [info] Lock '/home/dataiku/workspace/user-versioned/settings/code-server/User/workspaceStorage/63344558/vscode.lock': The lock does not look stale, elapsed: 721 ms, giving up.
2025-05-22 07:14:12.977 [error] Error: EEXIST: file already exists, open '/home/dataiku/workspace/user-versioned/settings/code-server/User/workspaceStorage/63344558-1/vscode.lock'
2025-05-22 07:14:12.978 [info] Lock '/home/dataiku/workspace/user-versioned/settings/code-server/User/workspaceStorage/63344558-1/vscode.lock': Could not acquire lock, checking if the file is stale.
2025-05-22 07:14:12.979 [info] Lock '/home/dataiku/workspace/user-versioned/settings/code-server/User/workspaceStorage/63344558-1/vscode.lock': The lock does not look stale, elapsed: 327 ms, giving up.
2025-05-22 07:14:12.984 [info] Lock '/home/dataiku/workspace/user-versioned/settings/code-server/User/workspaceStorage/63344558-2/vscode.lock': Lock acquired.
2025-05-22 07:14:13.185 [info] ExtensionService#_doActivateExtension vscode.emmet, startup: false, activationEvent: 'onLanguage'
2025-05-22 07:14:13.187 [info] ExtensionService#_doActivateExtension ms-python.python, startup: false, activationEvent: 'onLanguage:python', root cause: ms-python.debugpy
2025-05-22 07:14:13.187 [info] ExtensionService#_doActivateExtension ms-toolsai.jupyter, startup: false, activationEvent: 'onLanguage:python'
2025-05-22 07:14:14.189 [info] ExtensionService#_doActivateExtension vscode.git-base, startup: true, activationEvent: '*', root cause: vscode.git
2025-05-22 07:14:14.189 [info] ExtensionService#_doActivateExtension Dataiku.aicodeassistant, startup: true, activationEvent: '*'
2025-05-22 07:14:14.717 [info] ExtensionService#_doActivateExtension ms-toolsai.jupyter-renderers, startup: false, activationEvent: 'api', root cause: ms-toolsai.jupyter
2025-05-22 07:14:14.742 [info] ExtensionService#_doActivateExtension vscode.git, startup: true, activationEvent: '*'
2025-05-22 07:14:14.743 [info] ExtensionService#_doActivateExtension vscode.github, startup: true, activationEvent: '*'
2025-05-22 07:14:15.466 [info] ExtensionService#_doActivateExtension ms-python.debugpy, startup: false, activationEvent: 'onLanguage:python'
2025-05-22 07:14:15.766 [info] Eager extensions activated
2025-05-22 07:14:15.766 [info] ExtensionService#_doActivateExtension vscode.debug-auto-launch, startup: false, activationEvent: 'onStartupFinished'
2025-05-22 07:14:15.766 [info] ExtensionService#_doActivateExtension vscode.merge-conflict, startup: false, activationEvent: 'onStartupFinished'
2025-05-22 07:14:16.478 [info] ExtensionService#_doActivateExtension vscode.github-authentication, startup: false, activationEvent: 'onAuthenticationRequest:github'
