2025-05-22 07:38:22.955 [info] Log level: Info
2025-05-22 07:38:22.955 [info] Validating found git in: "git"
2025-05-22 07:38:22.955 [info] Using git "2.43.5" from "git"
2025-05-22 07:38:22.955 [info] > git rev-parse --show-toplevel [7ms]
2025-05-22 07:38:22.955 [info] > git rev-parse --git-dir --git-common-dir [22ms]
2025-05-22 07:38:22.955 [info] Open repository: /home/dataiku/workspace
2025-05-22 07:38:22.955 [info] > git config --get commit.template [5ms]
2025-05-22 07:38:22.955 [info] > git rev-parse --show-toplevel [7ms]
2025-05-22 07:38:22.955 [info] > git for-each-ref --format=%(refname)%00%(upstream:short)%00%(objectname)%00%(upstream:track)%00%(upstream:remotename)%00%(upstream:remoteref) refs/heads/main refs/remotes/main [5ms]
2025-05-22 07:38:22.955 [info] > git rev-parse --show-toplevel [10ms]
2025-05-22 07:38:22.955 [info] > git status -z -uall [17ms]
2025-05-22 07:38:22.955 [info] > git rev-parse --show-toplevel [22ms]
2025-05-22 07:38:22.955 [info] > git for-each-ref --format=%(refname)%00%(upstream:short)%00%(objectname)%00%(upstream:track)%00%(upstream:remotename)%00%(upstream:remoteref) refs/heads/main refs/remotes/main [15ms]
2025-05-22 07:38:22.955 [info] > git rev-parse --show-toplevel [5ms]
2025-05-22 07:38:22.955 [info] > git config --get commit.template [8ms]
2025-05-22 07:38:22.962 [info] > git config --local branch.main.vscode-merge-base [9ms]
2025-05-22 07:38:22.962 [warning] git config failed: Failed to execute git
2025-05-22 07:38:22.969 [info] > git for-each-ref --format=%(refname)%00%(upstream:short)%00%(objectname)%00%(upstream:track)%00%(upstream:remotename)%00%(upstream:remoteref) refs/heads/main refs/remotes/main [9ms]
2025-05-22 07:38:22.970 [info] > git rev-parse --show-toplevel [12ms]
2025-05-22 07:38:22.973 [info] > git reflog main --grep-reflog=branch: Created from *. [8ms]
2025-05-22 07:38:22.976 [info] > git rev-parse --show-toplevel [3ms]
2025-05-22 07:38:23.008 [info] > git status -z -uall [27ms]
2025-05-22 07:38:23.016 [info] > git rev-parse --show-toplevel [36ms]
2025-05-22 07:38:23.016 [info] > git symbolic-ref --short refs/remotes/origin/HEAD [41ms]
2025-05-22 07:38:23.016 [info] fatal: ref refs/remotes/origin/HEAD is not a symbolic ref
2025-05-22 07:38:23.023 [info] > git for-each-ref --format=%(refname)%00%(upstream:short)%00%(objectname)%00%(upstream:track)%00%(upstream:remotename)%00%(upstream:remoteref) refs/heads/main refs/remotes/main [11ms]
2025-05-22 07:38:23.029 [info] > git rev-parse --show-toplevel [6ms]
2025-05-22 07:38:23.029 [info] > git merge-base refs/heads/main refs/remotes/origin/main [10ms]
2025-05-22 07:38:23.036 [info] > git config --local branch.main.vscode-merge-base [9ms]
2025-05-22 07:38:23.036 [warning] git config failed: Failed to execute git
2025-05-22 07:38:23.039 [info] > git rev-parse --show-toplevel [4ms]
2025-05-22 07:38:23.039 [info] > git rev-list --count --left-right refs/heads/main...refs/remotes/origin/main [7ms]
2025-05-22 07:38:23.043 [info] > git reflog main --grep-reflog=branch: Created from *. [5ms]
2025-05-22 07:38:23.046 [info] > git diff --name-status -z --diff-filter=ADMR c3441e0314ffa530e4a05dd8e1318b46f00c1fc8...refs/remotes/origin/main [4ms]
2025-05-22 07:38:23.048 [info] > git symbolic-ref --short refs/remotes/origin/HEAD [3ms]
2025-05-22 07:38:23.048 [info] fatal: ref refs/remotes/origin/HEAD is not a symbolic ref
2025-05-22 07:38:23.475 [info] > git check-ignore -v -z --stdin [2ms]
2025-05-22 07:38:23.527 [info] > git show --textconv :code_studio-versioned/streamlit/services/chat_service.py [4ms]
2025-05-22 07:38:23.529 [info] > git ls-files --stage -- /home/dataiku/workspace/code_studio-versioned/streamlit/services/chat_service.py [2ms]
2025-05-22 07:38:23.534 [info] > git cat-file -s 2632953234905c6e3263acefc19083178e62ada1 [2ms]
2025-05-22 07:38:24.928 [info] > git merge-base refs/heads/main refs/remotes/origin/main [3ms]
2025-05-22 07:38:24.934 [info] > git rev-list --count --left-right refs/heads/main...refs/remotes/origin/main [2ms]
2025-05-22 07:38:25.657 [info] > git check-ignore -v -z --stdin [2ms]
