2025-05-22 06:36:19.656 [info] Log level: Info
2025-05-22 06:36:19.656 [info] Validating found git in: "git"
2025-05-22 06:36:19.656 [info] Using git "2.43.5" from "git"
2025-05-22 06:36:19.656 [info] > git rev-parse --show-toplevel [2ms]
2025-05-22 06:36:19.656 [info] fatal: not a git repository (or any of the parent directories): .git
2025-05-22 06:36:19.656 [info] > git rev-parse --show-toplevel [5ms]
2025-05-22 06:36:19.656 [info] fatal: not a git repository (or any of the parent directories): .git
2025-05-22 06:36:19.656 [info] > git rev-parse --show-toplevel [13ms]
2025-05-22 06:36:19.656 [info] fatal: not a git repository (or any of the parent directories): .git
2025-05-22 06:36:19.656 [info] > git rev-parse --show-toplevel [6ms]
2025-05-22 06:36:19.656 [info] fatal: not a git repository (or any of the parent directories): .git
2025-05-22 06:36:19.661 [info] > git rev-parse --show-toplevel [6ms]
2025-05-22 06:36:19.661 [info] fatal: not a git repository (or any of the parent directories): .git
2025-05-22 06:36:19.669 [info] > git rev-parse --show-toplevel [4ms]
2025-05-22 06:36:19.669 [info] fatal: not a git repository (or any of the parent directories): .git
2025-05-22 06:36:19.675 [info] > git rev-parse --show-toplevel [2ms]
2025-05-22 06:36:19.675 [info] fatal: not a git repository (or any of the parent directories): .git
2025-05-22 06:36:19.679 [info] > git rev-parse --show-toplevel [1ms]
2025-05-22 06:36:19.679 [info] fatal: not a git repository (or any of the parent directories): .git
2025-05-22 06:36:19.684 [info] > git rev-parse --show-toplevel [2ms]
2025-05-22 06:36:19.684 [info] fatal: not a git repository (or any of the parent directories): .git
2025-05-22 06:36:19.688 [info] > git rev-parse --show-toplevel [1ms]
2025-05-22 06:36:19.689 [info] fatal: not a git repository (or any of the parent directories): .git
2025-05-22 06:36:20.141 [info] > git rev-parse --show-toplevel [2ms]
2025-05-22 06:36:20.141 [info] fatal: not a git repository (or any of the parent directories): .git
2025-05-22 06:36:22.737 [info] > git rev-parse --show-toplevel [2ms]
2025-05-22 06:36:22.737 [info] fatal: not a git repository (or any of the parent directories): .git
2025-05-22 06:36:33.631 [info] > git rev-parse --show-toplevel [3ms]
2025-05-22 06:36:33.631 [info] fatal: not a git repository (or any of the parent directories): .git
2025-05-22 06:38:23.444 [info] > git rev-parse --show-toplevel [1ms]
2025-05-22 06:38:23.444 [info] fatal: not a git repository (or any of the parent directories): .git
2025-05-22 06:42:17.104 [info] > git rev-parse --show-toplevel [2ms]
2025-05-22 06:42:17.104 [info] fatal: not a git repository (or any of the parent directories): .git
2025-05-22 06:42:31.155 [info] > git rev-parse --show-toplevel [2ms]
2025-05-22 06:42:31.155 [info] fatal: not a git repository (or any of the parent directories): .git
2025-05-22 06:42:39.761 [info] > git rev-parse --show-toplevel [2ms]
2025-05-22 06:42:39.761 [info] fatal: not a git repository (or any of the parent directories): .git
2025-05-22 07:02:59.986 [info] > git rev-parse --show-toplevel [1ms]
2025-05-22 07:02:59.991 [info] > git rev-parse --git-dir --git-common-dir [2ms]
2025-05-22 07:03:00.002 [info] Open repository: /home/dataiku/workspace
2025-05-22 07:03:00.011 [info] No remotes found in the git config file.
2025-05-22 07:03:00.012 [info] > git config --get commit.template [5ms]
2025-05-22 07:03:00.012 [info] > git for-each-ref --format=%(refname)%00%(upstream:short)%00%(objectname)%00%(upstream:track)%00%(upstream:remotename)%00%(upstream:remoteref) refs/heads/main refs/remotes/main [2ms]
2025-05-22 07:03:00.012 [warning] No such branch: main.
2025-05-22 07:03:00.021 [info] > git status -z -uall [5ms]
2025-05-22 07:03:00.054 [info] > git for-each-ref --format=%(refname)%00%(upstream:short)%00%(objectname)%00%(upstream:track)%00%(upstream:remotename)%00%(upstream:remoteref) refs/heads/main refs/remotes/main [22ms]
2025-05-22 07:03:00.054 [warning] No such branch: main.
2025-05-22 07:03:00.055 [info] > git config --get commit.template [1ms]
2025-05-22 07:03:00.059 [info] No remotes found in the git config file.
2025-05-22 07:03:00.060 [info] > git for-each-ref --format=%(refname)%00%(upstream:short)%00%(objectname)%00%(upstream:track)%00%(upstream:remotename)%00%(upstream:remoteref) refs/heads/main refs/remotes/main [1ms]
2025-05-22 07:03:00.061 [warning] No such branch: main.
2025-05-22 07:03:00.068 [info] > git status -z -uall [4ms]
2025-05-22 07:03:00.082 [info] > git for-each-ref --format=%(refname)%00%(upstream:short)%00%(objectname)%00%(upstream:track)%00%(upstream:remotename)%00%(upstream:remoteref) refs/heads/main refs/remotes/main [8ms]
2025-05-22 07:03:00.082 [warning] No such branch: main.
2025-05-22 07:03:59.987 [info] > git check-ignore -v -z --stdin [2ms]
2025-05-22 07:04:59.500 [info] > git show --textconv :code_studio-versioned/streamlit/utils/constants.py [5ms]
2025-05-22 07:04:59.501 [info] > git ls-files --stage -- /home/dataiku/workspace/code_studio-versioned/streamlit/utils/constants.py [2ms]
2025-05-22 07:04:59.506 [info] > git cat-file -s b4a504ce389e75e214f18200ec02cf9ab17a456c [2ms]
2025-05-22 07:23:47.979 [info] > git config --get commit.template [4ms]
2025-05-22 07:23:47.979 [info] > git for-each-ref --format=%(refname)%00%(upstream:short)%00%(objectname)%00%(upstream:track)%00%(upstream:remotename)%00%(upstream:remoteref) refs/heads/main refs/remotes/main [2ms]
2025-05-22 07:23:47.993 [info] > git status -z -uall [9ms]
2025-05-22 07:23:48.009 [info] > git for-each-ref --format=%(refname)%00%(upstream:short)%00%(objectname)%00%(upstream:track)%00%(upstream:remotename)%00%(upstream:remoteref) refs/heads/main refs/remotes/main [11ms]
2025-05-22 07:23:48.015 [info] > git config --local branch.main.vscode-merge-base [1ms]
2025-05-22 07:23:48.015 [warning] git config failed: Failed to execute git
2025-05-22 07:23:48.021 [info] > git reflog main --grep-reflog=branch: Created from *. [2ms]
2025-05-22 07:23:48.026 [info] > git symbolic-ref --short refs/remotes/origin/HEAD [1ms]
2025-05-22 07:23:48.026 [info] fatal: ref refs/remotes/origin/HEAD is not a symbolic ref
2025-05-22 07:23:48.032 [info] > git merge-base refs/heads/main refs/remotes/origin/main [2ms]
2025-05-22 07:23:48.040 [info] > git rev-list --count --left-right refs/heads/main...refs/remotes/origin/main [5ms]
2025-05-22 07:23:48.043 [info] > git ls-files --stage -- /home/dataiku/workspace/code_studio-versioned/streamlit/utils/constants.py [4ms]
2025-05-22 07:23:48.046 [info] > git diff --name-status -z --diff-filter=ADMR c3441e0314ffa530e4a05dd8e1318b46f00c1fc8...refs/remotes/origin/main [3ms]
2025-05-22 07:23:48.048 [info] > git cat-file -s b4a504ce389e75e214f18200ec02cf9ab17a456c [2ms]
2025-05-22 07:23:48.111 [info] > git show --textconv :code_studio-versioned/streamlit/utils/constants.py [2ms]
2025-05-22 07:23:48.526 [info] > git check-ignore -v -z --stdin [2ms]
