2025-05-22 05:54:59.070 [info] Extension host with pid 156 started
2025-05-22 05:54:59.089 [info] Lock '/home/dataiku/workspace/user-versioned/settings/code-server/User/workspaceStorage/63344558/vscode.lock': Lock acquired.
2025-05-22 05:54:59.211 [info] ExtensionService#_doActivateExtension vscode.emmet, startup: false, activationEvent: 'onLanguage'
2025-05-22 05:54:59.213 [info] ExtensionService#_doActivateExtension ms-python.python, startup: false, activationEvent: 'onLanguage:python', root cause: ms-python.debugpy
2025-05-22 05:54:59.213 [info] ExtensionService#_doActivateExtension ms-toolsai.jupyter, startup: false, activationEvent: 'onLanguage:python'
2025-05-22 05:55:00.087 [info] ExtensionService#_doActivateExtension ms-toolsai.jupyter-renderers, startup: false, activationEvent: 'api', root cause: ms-toolsai.jupyter
2025-05-22 05:55:00.237 [info] ExtensionService#_doActivateExtension ms-python.debugpy, startup: false, activationEvent: 'onLanguage:python'
2025-05-22 05:55:00.327 [info] ExtensionService#_doActivateExtension vscode.git-base, startup: true, activationEvent: '*', root cause: vscode.git
2025-05-22 05:55:00.327 [info] ExtensionService#_doActivateExtension Dataiku.aicodeassistant, startup: true, activationEvent: '*'
2025-05-22 05:55:00.608 [info] ExtensionService#_doActivateExtension vscode.git, startup: true, activationEvent: '*'
2025-05-22 05:55:00.608 [info] ExtensionService#_doActivateExtension vscode.github, startup: true, activationEvent: '*'
2025-05-22 05:55:00.804 [info] Eager extensions activated
2025-05-22 05:55:00.805 [info] ExtensionService#_doActivateExtension vscode.debug-auto-launch, startup: false, activationEvent: 'onStartupFinished'
2025-05-22 05:55:00.806 [info] ExtensionService#_doActivateExtension vscode.merge-conflict, startup: false, activationEvent: 'onStartupFinished'
2025-05-22 07:02:37.932 [warning] [Decorations] CAPPING events from decorations provider vscode.git 603
2025-05-22 07:02:37.964 [warning] [Decorations] CAPPING events from decorations provider vscode.git 603
2025-05-22 07:02:38.945 [error] Error: No such branch: main.
	at F.getBranch (/opt/dataiku/code-server/lib/vscode/extensions/git/dist/main.js:2:935457)
	at async T.retryRun (/opt/dataiku/code-server/lib/vscode/extensions/git/dist/main.js:2:1028070)
	at async T.run (/opt/dataiku/code-server/lib/vscode/extensions/git/dist/main.js:2:1027674)
	at async T.getBranch (/opt/dataiku/code-server/lib/vscode/extensions/git/dist/main.js:2:1016055)
	at async T.getBranchBase (/opt/dataiku/code-server/lib/vscode/extensions/git/dist/main.js:2:1016341)
	at async t.GitHistoryProvider.resolveHEADMergeBase (/opt/dataiku/code-server/lib/vscode/extensions/git/dist/main.js:2:945804)
	at async t.GitHistoryProvider.onDidRunGitStatus (/opt/dataiku/code-server/lib/vscode/extensions/git/dist/main.js:2:940157)
2025-05-22 07:02:38.969 [error] Error: No such branch: main.
	at F.getBranch (/opt/dataiku/code-server/lib/vscode/extensions/git/dist/main.js:2:935457)
	at async T.retryRun (/opt/dataiku/code-server/lib/vscode/extensions/git/dist/main.js:2:1028070)
	at async T.run (/opt/dataiku/code-server/lib/vscode/extensions/git/dist/main.js:2:1027674)
	at async T.getBranch (/opt/dataiku/code-server/lib/vscode/extensions/git/dist/main.js:2:1016055)
	at async T.getBranchBase (/opt/dataiku/code-server/lib/vscode/extensions/git/dist/main.js:2:1016341)
	at async t.GitHistoryProvider.resolveHEADMergeBase (/opt/dataiku/code-server/lib/vscode/extensions/git/dist/main.js:2:945804)
	at async t.GitHistoryProvider.onDidRunGitStatus (/opt/dataiku/code-server/lib/vscode/extensions/git/dist/main.js:2:940157)
2025-05-22 07:03:23.147 [warning] [Decorations] CAPPING events from decorations provider vscode.git 603
2025-05-22 07:03:23.475 [warning] [Decorations] CAPPING events from decorations provider vscode.git 603
2025-05-22 07:03:24.152 [error] Error: No such branch: main.
	at F.getBranch (/opt/dataiku/code-server/lib/vscode/extensions/git/dist/main.js:2:935457)
	at async T.retryRun (/opt/dataiku/code-server/lib/vscode/extensions/git/dist/main.js:2:1028070)
	at async T.run (/opt/dataiku/code-server/lib/vscode/extensions/git/dist/main.js:2:1027674)
	at async T.getBranch (/opt/dataiku/code-server/lib/vscode/extensions/git/dist/main.js:2:1016055)
	at async T.getBranchBase (/opt/dataiku/code-server/lib/vscode/extensions/git/dist/main.js:2:1016341)
	at async t.GitHistoryProvider.resolveHEADMergeBase (/opt/dataiku/code-server/lib/vscode/extensions/git/dist/main.js:2:945804)
	at async t.GitHistoryProvider.onDidRunGitStatus (/opt/dataiku/code-server/lib/vscode/extensions/git/dist/main.js:2:940157)
2025-05-22 07:03:24.479 [error] Error: No such branch: main.
	at F.getBranch (/opt/dataiku/code-server/lib/vscode/extensions/git/dist/main.js:2:935457)
	at async T.retryRun (/opt/dataiku/code-server/lib/vscode/extensions/git/dist/main.js:2:1028070)
	at async T.run (/opt/dataiku/code-server/lib/vscode/extensions/git/dist/main.js:2:1027674)
	at async T.getBranch (/opt/dataiku/code-server/lib/vscode/extensions/git/dist/main.js:2:1016055)
	at async T.getBranchBase (/opt/dataiku/code-server/lib/vscode/extensions/git/dist/main.js:2:1016341)
	at async t.GitHistoryProvider.resolveHEADMergeBase (/opt/dataiku/code-server/lib/vscode/extensions/git/dist/main.js:2:945804)
	at async t.GitHistoryProvider.onDidRunGitStatus (/opt/dataiku/code-server/lib/vscode/extensions/git/dist/main.js:2:940157)
2025-05-22 07:07:20.684 [warning] [Decorations] CAPPING events from decorations provider vscode.git 603
2025-05-22 07:07:21.689 [error] Error: No such branch: main.
	at F.getBranch (/opt/dataiku/code-server/lib/vscode/extensions/git/dist/main.js:2:935457)
	at async T.retryRun (/opt/dataiku/code-server/lib/vscode/extensions/git/dist/main.js:2:1028070)
	at async T.run (/opt/dataiku/code-server/lib/vscode/extensions/git/dist/main.js:2:1027674)
	at async T.getBranch (/opt/dataiku/code-server/lib/vscode/extensions/git/dist/main.js:2:1016055)
	at async T.getBranchBase (/opt/dataiku/code-server/lib/vscode/extensions/git/dist/main.js:2:1016341)
	at async t.GitHistoryProvider.resolveHEADMergeBase (/opt/dataiku/code-server/lib/vscode/extensions/git/dist/main.js:2:945804)
	at async t.GitHistoryProvider.onDidRunGitStatus (/opt/dataiku/code-server/lib/vscode/extensions/git/dist/main.js:2:940157)
2025-05-22 07:07:25.712 [warning] [Decorations] CAPPING events from decorations provider vscode.git 603
2025-05-22 07:07:26.716 [error] Error: No such branch: main.
	at F.getBranch (/opt/dataiku/code-server/lib/vscode/extensions/git/dist/main.js:2:935457)
	at async T.retryRun (/opt/dataiku/code-server/lib/vscode/extensions/git/dist/main.js:2:1028070)
	at async T.run (/opt/dataiku/code-server/lib/vscode/extensions/git/dist/main.js:2:1027674)
	at async T.getBranch (/opt/dataiku/code-server/lib/vscode/extensions/git/dist/main.js:2:1016055)
	at async T.getBranchBase (/opt/dataiku/code-server/lib/vscode/extensions/git/dist/main.js:2:1016341)
	at async t.GitHistoryProvider.resolveHEADMergeBase (/opt/dataiku/code-server/lib/vscode/extensions/git/dist/main.js:2:945804)
	at async t.GitHistoryProvider.onDidRunGitStatus (/opt/dataiku/code-server/lib/vscode/extensions/git/dist/main.js:2:940157)
2025-05-22 07:08:15.638 [warning] [Decorations] CAPPING events from decorations provider vscode.git 603
2025-05-22 07:08:16.642 [error] Error: No such branch: main.
	at F.getBranch (/opt/dataiku/code-server/lib/vscode/extensions/git/dist/main.js:2:935457)
	at async T.retryRun (/opt/dataiku/code-server/lib/vscode/extensions/git/dist/main.js:2:1028070)
	at async T.run (/opt/dataiku/code-server/lib/vscode/extensions/git/dist/main.js:2:1027674)
	at async T.getBranch (/opt/dataiku/code-server/lib/vscode/extensions/git/dist/main.js:2:1016055)
	at async T.getBranchBase (/opt/dataiku/code-server/lib/vscode/extensions/git/dist/main.js:2:1016341)
	at async t.GitHistoryProvider.resolveHEADMergeBase (/opt/dataiku/code-server/lib/vscode/extensions/git/dist/main.js:2:945804)
	at async t.GitHistoryProvider.onDidRunGitStatus (/opt/dataiku/code-server/lib/vscode/extensions/git/dist/main.js:2:940157)
2025-05-22 07:08:20.667 [warning] [Decorations] CAPPING events from decorations provider vscode.git 603
2025-05-22 07:08:21.670 [error] Error: No such branch: main.
	at F.getBranch (/opt/dataiku/code-server/lib/vscode/extensions/git/dist/main.js:2:935457)
	at async T.retryRun (/opt/dataiku/code-server/lib/vscode/extensions/git/dist/main.js:2:1028070)
	at async T.run (/opt/dataiku/code-server/lib/vscode/extensions/git/dist/main.js:2:1027674)
	at async T.getBranch (/opt/dataiku/code-server/lib/vscode/extensions/git/dist/main.js:2:1016055)
	at async T.getBranchBase (/opt/dataiku/code-server/lib/vscode/extensions/git/dist/main.js:2:1016341)
	at async t.GitHistoryProvider.resolveHEADMergeBase (/opt/dataiku/code-server/lib/vscode/extensions/git/dist/main.js:2:945804)
	at async t.GitHistoryProvider.onDidRunGitStatus (/opt/dataiku/code-server/lib/vscode/extensions/git/dist/main.js:2:940157)
2025-05-22 07:08:52.214 [warning] [Decorations] CAPPING events from decorations provider vscode.git 603
2025-05-22 07:08:53.218 [error] Error: No such branch: main.
	at F.getBranch (/opt/dataiku/code-server/lib/vscode/extensions/git/dist/main.js:2:935457)
	at async T.retryRun (/opt/dataiku/code-server/lib/vscode/extensions/git/dist/main.js:2:1028070)
	at async T.run (/opt/dataiku/code-server/lib/vscode/extensions/git/dist/main.js:2:1027674)
	at async T.getBranch (/opt/dataiku/code-server/lib/vscode/extensions/git/dist/main.js:2:1016055)
	at async T.getBranchBase (/opt/dataiku/code-server/lib/vscode/extensions/git/dist/main.js:2:1016341)
	at async t.GitHistoryProvider.resolveHEADMergeBase (/opt/dataiku/code-server/lib/vscode/extensions/git/dist/main.js:2:945804)
	at async t.GitHistoryProvider.onDidRunGitStatus (/opt/dataiku/code-server/lib/vscode/extensions/git/dist/main.js:2:940157)
2025-05-22 07:08:57.241 [warning] [Decorations] CAPPING events from decorations provider vscode.git 603
2025-05-22 07:08:58.245 [error] Error: No such branch: main.
	at F.getBranch (/opt/dataiku/code-server/lib/vscode/extensions/git/dist/main.js:2:935457)
	at async T.retryRun (/opt/dataiku/code-server/lib/vscode/extensions/git/dist/main.js:2:1028070)
	at async T.run (/opt/dataiku/code-server/lib/vscode/extensions/git/dist/main.js:2:1027674)
	at async T.getBranch (/opt/dataiku/code-server/lib/vscode/extensions/git/dist/main.js:2:1016055)
	at async T.getBranchBase (/opt/dataiku/code-server/lib/vscode/extensions/git/dist/main.js:2:1016341)
	at async t.GitHistoryProvider.resolveHEADMergeBase (/opt/dataiku/code-server/lib/vscode/extensions/git/dist/main.js:2:945804)
	at async t.GitHistoryProvider.onDidRunGitStatus (/opt/dataiku/code-server/lib/vscode/extensions/git/dist/main.js:2:940157)
2025-05-22 07:09:30.837 [warning] [Decorations] CAPPING events from decorations provider vscode.git 603
2025-05-22 07:09:31.843 [error] Error: No such branch: main.
	at F.getBranch (/opt/dataiku/code-server/lib/vscode/extensions/git/dist/main.js:2:935457)
	at async T.retryRun (/opt/dataiku/code-server/lib/vscode/extensions/git/dist/main.js:2:1028070)
	at async T.run (/opt/dataiku/code-server/lib/vscode/extensions/git/dist/main.js:2:1027674)
	at async T.getBranch (/opt/dataiku/code-server/lib/vscode/extensions/git/dist/main.js:2:1016055)
	at async T.getBranchBase (/opt/dataiku/code-server/lib/vscode/extensions/git/dist/main.js:2:1016341)
	at async t.GitHistoryProvider.resolveHEADMergeBase (/opt/dataiku/code-server/lib/vscode/extensions/git/dist/main.js:2:945804)
	at async t.GitHistoryProvider.onDidRunGitStatus (/opt/dataiku/code-server/lib/vscode/extensions/git/dist/main.js:2:940157)
2025-05-22 07:09:35.867 [warning] [Decorations] CAPPING events from decorations provider vscode.git 603
2025-05-22 07:09:36.870 [error] Error: No such branch: main.
	at F.getBranch (/opt/dataiku/code-server/lib/vscode/extensions/git/dist/main.js:2:935457)
	at async T.retryRun (/opt/dataiku/code-server/lib/vscode/extensions/git/dist/main.js:2:1028070)
	at async T.run (/opt/dataiku/code-server/lib/vscode/extensions/git/dist/main.js:2:1027674)
	at async T.getBranch (/opt/dataiku/code-server/lib/vscode/extensions/git/dist/main.js:2:1016055)
	at async T.getBranchBase (/opt/dataiku/code-server/lib/vscode/extensions/git/dist/main.js:2:1016341)
	at async t.GitHistoryProvider.resolveHEADMergeBase (/opt/dataiku/code-server/lib/vscode/extensions/git/dist/main.js:2:945804)
	at async t.GitHistoryProvider.onDidRunGitStatus (/opt/dataiku/code-server/lib/vscode/extensions/git/dist/main.js:2:940157)
2025-05-22 07:10:22.092 [warning] [Decorations] CAPPING events from decorations provider vscode.git 603
2025-05-22 07:10:23.095 [error] Error: No such branch: main.
	at F.getBranch (/opt/dataiku/code-server/lib/vscode/extensions/git/dist/main.js:2:935457)
	at async T.retryRun (/opt/dataiku/code-server/lib/vscode/extensions/git/dist/main.js:2:1028070)
	at async T.run (/opt/dataiku/code-server/lib/vscode/extensions/git/dist/main.js:2:1027674)
	at async T.getBranch (/opt/dataiku/code-server/lib/vscode/extensions/git/dist/main.js:2:1016055)
	at async T.getBranchBase (/opt/dataiku/code-server/lib/vscode/extensions/git/dist/main.js:2:1016341)
	at async t.GitHistoryProvider.resolveHEADMergeBase (/opt/dataiku/code-server/lib/vscode/extensions/git/dist/main.js:2:945804)
	at async t.GitHistoryProvider.onDidRunGitStatus (/opt/dataiku/code-server/lib/vscode/extensions/git/dist/main.js:2:940157)
2025-05-22 07:10:25.285 [info] ExtensionService#_doActivateExtension vscode.npm, startup: false, activationEvent: 'onTerminalQuickFixRequest:ms-vscode.npm-command'
2025-05-22 07:11:09.639 [warning] [Decorations] CAPPING events from decorations provider vscode.git 603
2025-05-22 07:11:39.475 [info] ExtensionService#_doActivateExtension vscode.github-authentication, startup: false, activationEvent: 'onAuthenticationRequest:github'
2025-05-22 07:20:27.065 [error] [ms-python.python] provider FAILED
2025-05-22 07:20:27.065 [error] Error: AttributeError: 'HoverDisable' object has no attribute 'namespace_'
	at ae (/home/dataiku/.local/share/code-server/local-extensions/ms-python.python-2024.8.1-universal/out/client/extension.js:2:2330334)
	at oe (/home/dataiku/.local/share/code-server/local-extensions/ms-python.python-2024.8.1-universal/out/client/extension.js:2:2328294)
	at Immediate.<anonymous> (/home/dataiku/.local/share/code-server/local-extensions/ms-python.python-2024.8.1-universal/out/client/extension.js:2:2324588)
	at process.processImmediate (node:internal/timers:478:21)
2025-05-22 07:26:30.671 [error] [ms-python.python] provider FAILED
2025-05-22 07:26:30.671 [error] Error: AttributeError: 'HoverDisable' object has no attribute 'namespace_'
	at ae (/home/dataiku/.local/share/code-server/local-extensions/ms-python.python-2024.8.1-universal/out/client/extension.js:2:2330334)
	at oe (/home/dataiku/.local/share/code-server/local-extensions/ms-python.python-2024.8.1-universal/out/client/extension.js:2:2328294)
	at Immediate.<anonymous> (/home/dataiku/.local/share/code-server/local-extensions/ms-python.python-2024.8.1-universal/out/client/extension.js:2:2324588)
	at process.processImmediate (node:internal/timers:478:21)
2025-05-22 07:27:32.005 [error] [ms-python.python] provider FAILED
2025-05-22 07:27:32.005 [error] Error: AttributeError: 'HoverDisable' object has no attribute 'namespace_'
	at ae (/home/dataiku/.local/share/code-server/local-extensions/ms-python.python-2024.8.1-universal/out/client/extension.js:2:2330334)
	at oe (/home/dataiku/.local/share/code-server/local-extensions/ms-python.python-2024.8.1-universal/out/client/extension.js:2:2328294)
	at Immediate.<anonymous> (/home/dataiku/.local/share/code-server/local-extensions/ms-python.python-2024.8.1-universal/out/client/extension.js:2:2324588)
	at process.processImmediate (node:internal/timers:478:21)
2025-05-22 07:37:00.220 [info] Extension host terminating: received terminate message from renderer
2025-05-22 07:37:00.220 [info] Lock '/home/dataiku/workspace/user-versioned/settings/code-server/User/workspaceStorage/63344558/vscode.lock': Marking the lockfile as scheduled to be released in 6000 ms.
2025-05-22 07:37:00.245 [error] Canceled: Canceled
	at new k (/opt/dataiku/code-server/lib/vscode/out/vs/workbench/api/node/extensionHostProcess.js:144:34987)
	at E.U (/opt/dataiku/code-server/lib/vscode/out/vs/workbench/api/node/extensionHostProcess.js:151:6001)
	at M.<computed>.L.charCodeAt.A.CharCode.DollarSign.M.<computed> (/opt/dataiku/code-server/lib/vscode/out/vs/workbench/api/node/extensionHostProcess.js:151:3076)
	at E.g (/opt/dataiku/code-server/lib/vscode/out/vs/workbench/api/node/extensionHostProcess.js:154:207442)
	at E.executeCommand (/opt/dataiku/code-server/lib/vscode/out/vs/workbench/api/node/extensionHostProcess.js:154:206866)
	at N.registerCommand.description (/opt/dataiku/code-server/lib/vscode/out/vs/workbench/api/node/extensionHostProcess.js:154:206176)
	at E.h (/opt/dataiku/code-server/lib/vscode/out/vs/workbench/api/node/extensionHostProcess.js:154:207981)
	at E.g (/opt/dataiku/code-server/lib/vscode/out/vs/workbench/api/node/extensionHostProcess.js:154:206966)
	at E.executeCommand (/opt/dataiku/code-server/lib/vscode/out/vs/workbench/api/node/extensionHostProcess.js:154:206866)
	at Object.executeCommand (/opt/dataiku/code-server/lib/vscode/out/vs/workbench/api/node/extensionHostProcess.js:164:23018)
	at n.O [as value] (/opt/dataiku/code-server/lib/vscode/extensions/git/dist/main.js:2:949375)
	at s.B (/opt/dataiku/code-server/lib/vscode/out/vs/workbench/api/node/extensionHostProcess.js:83:740)
	at s.C (/opt/dataiku/code-server/lib/vscode/out/vs/workbench/api/node/extensionHostProcess.js:83:810)
	at s.fire (/opt/dataiku/code-server/lib/vscode/out/vs/workbench/api/node/extensionHostProcess.js:83:1026)
	at Object.p [as dispose] (/opt/dataiku/code-server/lib/vscode/extensions/git/dist/main.js:2:968579)
	at /opt/dataiku/code-server/lib/vscode/extensions/git/dist/main.js:2:974617
	at Array.forEach (<anonymous>)
	at f.dispose (/opt/dataiku/code-server/lib/vscode/extensions/git/dist/main.js:2:974603)
	at s.<anonymous> (/opt/dataiku/code-server/lib/vscode/out/vs/workbench/api/node/extensionHostProcess.js:152:4814)
	at s.dispose (/opt/dataiku/code-server/lib/vscode/out/vs/workbench/api/node/extensionHostProcess.js:152:4949)
	at s.<anonymous> (/opt/dataiku/code-server/lib/vscode/extensions/git/dist/main.js:2:951632)
	at s.dispose (/opt/dataiku/code-server/lib/vscode/out/vs/workbench/api/node/extensionHostProcess.js:152:4949)
	at g (/opt/dataiku/code-server/lib/vscode/out/vs/workbench/api/node/extensionHostProcess.js:30:750)
	at $.eb (/opt/dataiku/code-server/lib/vscode/out/vs/workbench/api/node/extensionHostProcess.js:160:10809)
	at /opt/dataiku/code-server/lib/vscode/out/vs/workbench/api/node/extensionHostProcess.js:160:8656
	at Array.map (<anonymous>)
	at $ (/opt/dataiku/code-server/lib/vscode/out/vs/workbench/api/node/extensionHostProcess.js:160:8644)
	at $.terminate (/opt/dataiku/code-server/lib/vscode/out/vs/workbench/api/node/extensionHostProcess.js:160:8918)
	at g.terminate (/opt/dataiku/code-server/lib/vscode/out/vs/workbench/api/node/extensionHostProcess.js:164:1513)
	at s (/opt/dataiku/code-server/lib/vscode/out/vs/workbench/api/node/extensionHostProcess.js:177:10642)
	at n.value (/opt/dataiku/code-server/lib/vscode/out/vs/workbench/api/node/extensionHostProcess.js:177:8609)
	at s.B (/opt/dataiku/code-server/lib/vscode/out/vs/workbench/api/node/extensionHostProcess.js:83:740)
	at s.fire (/opt/dataiku/code-server/lib/vscode/out/vs/workbench/api/node/extensionHostProcess.js:83:957)
	at o.fire (/opt/dataiku/code-server/lib/vscode/out/vs/workbench/api/node/extensionHostProcess.js:97:14518)
	at d.z (/opt/dataiku/code-server/lib/vscode/out/vs/workbench/api/node/extensionHostProcess.js:97:17634)
	at n.value (/opt/dataiku/code-server/lib/vscode/out/vs/workbench/api/node/extensionHostProcess.js:97:16015)
	at s.B (/opt/dataiku/code-server/lib/vscode/out/vs/workbench/api/node/extensionHostProcess.js:83:740)
	at s.fire (/opt/dataiku/code-server/lib/vscode/out/vs/workbench/api/node/extensionHostProcess.js:83:957)
	at m.acceptChunk (/opt/dataiku/code-server/lib/vscode/out/vs/workbench/api/node/extensionHostProcess.js:97:12264)
	at n.value (/opt/dataiku/code-server/lib/vscode/out/vs/workbench/api/node/extensionHostProcess.js:97:11534)
	at s.B (/opt/dataiku/code-server/lib/vscode/out/vs/workbench/api/node/extensionHostProcess.js:83:740)
	at s.fire (/opt/dataiku/code-server/lib/vscode/out/vs/workbench/api/node/extensionHostProcess.js:83:957)
	at o.z (/opt/dataiku/code-server/lib/vscode/out/vs/workbench/api/node/extensionHostProcess.js:174:21428) setContext undefined
2025-05-22 07:37:00.246 [error] Canceled: Canceled
	at new k (/opt/dataiku/code-server/lib/vscode/out/vs/workbench/api/node/extensionHostProcess.js:144:34987)
	at E.U (/opt/dataiku/code-server/lib/vscode/out/vs/workbench/api/node/extensionHostProcess.js:151:6001)
	at M.<computed>.L.charCodeAt.A.CharCode.DollarSign.M.<computed> (/opt/dataiku/code-server/lib/vscode/out/vs/workbench/api/node/extensionHostProcess.js:151:3076)
	at E.g (/opt/dataiku/code-server/lib/vscode/out/vs/workbench/api/node/extensionHostProcess.js:154:207442)
	at E.executeCommand (/opt/dataiku/code-server/lib/vscode/out/vs/workbench/api/node/extensionHostProcess.js:154:206866)
	at N.registerCommand.description (/opt/dataiku/code-server/lib/vscode/out/vs/workbench/api/node/extensionHostProcess.js:154:206176)
	at E.h (/opt/dataiku/code-server/lib/vscode/out/vs/workbench/api/node/extensionHostProcess.js:154:207981)
	at E.g (/opt/dataiku/code-server/lib/vscode/out/vs/workbench/api/node/extensionHostProcess.js:154:206966)
	at E.executeCommand (/opt/dataiku/code-server/lib/vscode/out/vs/workbench/api/node/extensionHostProcess.js:154:206866)
	at Object.executeCommand (/opt/dataiku/code-server/lib/vscode/out/vs/workbench/api/node/extensionHostProcess.js:164:23018)
	at set hasGitHubRepositories [as hasGitHubRepositories] (/opt/dataiku/code-server/lib/vscode/extensions/github/dist/extension.js:2:322969)
	at /opt/dataiku/code-server/lib/vscode/extensions/github/dist/extension.js:2:323928
	at n.value (/opt/dataiku/code-server/lib/vscode/extensions/git/dist/main.js:2:1055117)
	at s.B (/opt/dataiku/code-server/lib/vscode/out/vs/workbench/api/node/extensionHostProcess.js:83:740)
	at s.C (/opt/dataiku/code-server/lib/vscode/out/vs/workbench/api/node/extensionHostProcess.js:83:810)
	at s.fire (/opt/dataiku/code-server/lib/vscode/out/vs/workbench/api/node/extensionHostProcess.js:83:1026)
	at Object.p [as dispose] (/opt/dataiku/code-server/lib/vscode/extensions/git/dist/main.js:2:968579)
	at /opt/dataiku/code-server/lib/vscode/extensions/git/dist/main.js:2:974617
	at Array.forEach (<anonymous>)
	at f.dispose (/opt/dataiku/code-server/lib/vscode/extensions/git/dist/main.js:2:974603)
	at s.<anonymous> (/opt/dataiku/code-server/lib/vscode/out/vs/workbench/api/node/extensionHostProcess.js:152:4814)
	at s.dispose (/opt/dataiku/code-server/lib/vscode/out/vs/workbench/api/node/extensionHostProcess.js:152:4949)
	at s.<anonymous> (/opt/dataiku/code-server/lib/vscode/extensions/git/dist/main.js:2:951632)
	at s.dispose (/opt/dataiku/code-server/lib/vscode/out/vs/workbench/api/node/extensionHostProcess.js:152:4949)
	at g (/opt/dataiku/code-server/lib/vscode/out/vs/workbench/api/node/extensionHostProcess.js:30:750)
	at $.eb (/opt/dataiku/code-server/lib/vscode/out/vs/workbench/api/node/extensionHostProcess.js:160:10809)
	at /opt/dataiku/code-server/lib/vscode/out/vs/workbench/api/node/extensionHostProcess.js:160:8656
	at Array.map (<anonymous>)
	at $ (/opt/dataiku/code-server/lib/vscode/out/vs/workbench/api/node/extensionHostProcess.js:160:8644)
	at $.terminate (/opt/dataiku/code-server/lib/vscode/out/vs/workbench/api/node/extensionHostProcess.js:160:8918)
	at g.terminate (/opt/dataiku/code-server/lib/vscode/out/vs/workbench/api/node/extensionHostProcess.js:164:1513)
	at s (/opt/dataiku/code-server/lib/vscode/out/vs/workbench/api/node/extensionHostProcess.js:177:10642)
	at n.value (/opt/dataiku/code-server/lib/vscode/out/vs/workbench/api/node/extensionHostProcess.js:177:8609)
	at s.B (/opt/dataiku/code-server/lib/vscode/out/vs/workbench/api/node/extensionHostProcess.js:83:740)
	at s.fire (/opt/dataiku/code-server/lib/vscode/out/vs/workbench/api/node/extensionHostProcess.js:83:957)
	at o.fire (/opt/dataiku/code-server/lib/vscode/out/vs/workbench/api/node/extensionHostProcess.js:97:14518)
	at d.z (/opt/dataiku/code-server/lib/vscode/out/vs/workbench/api/node/extensionHostProcess.js:97:17634)
	at n.value (/opt/dataiku/code-server/lib/vscode/out/vs/workbench/api/node/extensionHostProcess.js:97:16015)
	at s.B (/opt/dataiku/code-server/lib/vscode/out/vs/workbench/api/node/extensionHostProcess.js:83:740)
	at s.fire (/opt/dataiku/code-server/lib/vscode/out/vs/workbench/api/node/extensionHostProcess.js:83:957)
	at m.acceptChunk (/opt/dataiku/code-server/lib/vscode/out/vs/workbench/api/node/extensionHostProcess.js:97:12264)
	at n.value (/opt/dataiku/code-server/lib/vscode/out/vs/workbench/api/node/extensionHostProcess.js:97:11534)
	at s.B (/opt/dataiku/code-server/lib/vscode/out/vs/workbench/api/node/extensionHostProcess.js:83:740)
	at s.fire (/opt/dataiku/code-server/lib/vscode/out/vs/workbench/api/node/extensionHostProcess.js:83:957)
	at o.z (/opt/dataiku/code-server/lib/vscode/out/vs/workbench/api/node/extensionHostProcess.js:174:21428) setContext undefined
2025-05-22 07:37:00.250 [info] Extension host with pid 156 exiting with code 0
